;;; 
Export: Release 11.2.0.2.0 - Production on Sun Feb 11 17:48:08 2024

Copyright (c) 1982, 2009, Oracle and/or its affiliates.  All rights reserved.
;;; 
Connected to: Oracle Database 11g Express Edition Release 11.2.0.2.0 - Production
Starting "ADMIN"."SYS_EXPORT_SCHEMA_01":  Admin/********@XE schemas=Admin directory=backups dumpfile=Admin_backup_20240211_1748.dmp logfile=Admin_backup_20240211_1748.log 
Estimate in progress using BLOCKS method...
Processing object type SCHEMA_EXPORT/TABLE/TABLE_DATA
Total estimation using BLOCKS method: 448 KB
Processing object type SCHEMA_EXPORT/USER
Processing object type SCHEMA_EXPORT/SYSTEM_GRANT
Processing object type SCHEMA_EXPORT/ROLE_GRANT
Processing object type SCHEMA_EXPORT/DEFAULT_ROLE
Processing object type SCHEMA_EXPORT/PRE_SCHEMA/PROCACT_SCHEMA
Processing object type SCHEMA_EXPORT/SEQUENCE/SEQUENCE
Processing object type SCHEMA_EXPORT/TABLE/TABLE
Processing object type SCHEMA_EXPORT/TABLE/INDEX/INDEX
Processing object type SCHEMA_EXPORT/TABLE/CONSTRAINT/CONSTRAINT
Processing object type SCHEMA_EXPORT/TABLE/INDEX/STATISTICS/INDEX_STATISTICS
Processing object type SCHEMA_EXPORT/TABLE/COMMENT
Processing object type SCHEMA_EXPORT/FUNCTION/FUNCTION
Processing object type SCHEMA_EXPORT/PROCEDURE/PROCEDURE
Processing object type SCHEMA_EXPORT/FUNCTION/ALTER_FUNCTION
Processing object type SCHEMA_EXPORT/PROCEDURE/ALTER_PROCEDURE
Processing object type SCHEMA_EXPORT/TABLE/CONSTRAINT/REF_CONSTRAINT
Processing object type SCHEMA_EXPORT/TABLE/TRIGGER
Processing object type SCHEMA_EXPORT/TABLE/STATISTICS/TABLE_STATISTICS
. . exported "ADMIN"."COURSES"                           7.109 KB      10 rows
. . exported "ADMIN"."COURSE_PREREQUISITES"              5.539 KB       2 rows
. . exported "ADMIN"."DEPARTMENTS"                       5.515 KB       4 rows
. . exported "ADMIN"."ENROLLMENT"                        6.546 KB      14 rows
. . exported "ADMIN"."GRADES"                            6.492 KB       9 rows
. . exported "ADMIN"."STUDENTS"                          10.17 KB       2 rows
. . exported "ADMIN"."STUDENT_PHONE"                     5.554 KB       3 rows
Master table "ADMIN"."SYS_EXPORT_SCHEMA_01" successfully loaded/unloaded
******************************************************************************
Dump file set for ADMIN.SYS_EXPORT_SCHEMA_01 is:
  D:\ITI\UNIVERSITY CASE STUDY\DATA-MANAGEMENT-SYSTEM-FOR-UNIVERSITY\BASH AUTOMATION SCRIPTS\BACKUPS\ADMIN_BACKUP_20240211_1748.DMP
Job "ADMIN"."SYS_EXPORT_SCHEMA_01" successfully completed at 17:48:13
